Android/SDK/build/outputs/logs/manifest-merger-debug-report.txt
-- Merging decision tree log ---
manifest
ADDED from Android\SDK\AndroidManifest.xml:3:1-10:12
INJECTED from Android\SDK\AndroidManifest.xml:3:1-10:12
INJECTED from Android\SDK\AndroidManifest.xml:3:1-10:12
INJECTED from Android\SDK\AndroidManifest.xml:3:1-10:12
INJECTED from Android\SDK\AndroidManifest.xml:3:1-10:12
INJECTED from Android\SDK\AndroidManifest.xml:3:1-10:12
INJECTED from Android\SDK\AndroidManifest.xml:3:1-10:12
	package
		ADDED from Android\SDK\AndroidManifest.xml:4:7-46
		INJECTED from Android\SDK\AndroidManifest.xml
		INJECTED from Android\SDK\AndroidManifest.xml
	android:versionName
		ADDED from Android\SDK\AndroidManifest.xml:6:7-32
		INJECTED from Android\SDK\AndroidManifest.xml
		INJECTED from Android\SDK\AndroidManifest.xml
	xmlns:android
		ADDED from Android\SDK\AndroidManifest.xml:3:11-69
	android:versionCode
		ADDED from Android\SDK\AndroidManifest.xml:5:7-30
		INJECTED from Android\SDK\AndroidManifest.xml
		INJECTED from Android\SDK\AndroidManifest.xml
uses-sdk
ADDED from Android\SDK\AndroidManifest.xml:8:5-73
INJECTED from Android\SDK\AndroidManifest.xml:8:5-73
INJECTED from Android\SDK\AndroidManifest.xml:8:5-73
INJECTED from Android\SDK\AndroidManifest.xml:8:5-73
INJECTED from Android\SDK\AndroidManifest.xml:8:5-73
	android:targetSdkVersion
		ADDED from Android\SDK\AndroidManifest.xml:8:41-70
		INJECTED from Android\SDK\AndroidManifest.xml
		INJECTED from Android\SDK\AndroidManifest.xml
	android:minSdkVersion
		ADDED from Android\SDK\AndroidManifest.xml:8:15-40
		INJECTED from Android\SDK\AndroidManifest.xml
		INJECTED from Android\SDK\AndroidManifest.xml